<?xml version="1.0" encoding="UTF-8"?>
<dataset>
	<!-- <member email="cocagolau@gmail.com" name="dec7" /> -->
</dataset>